{"message":"Server started and running on port : 3000","level":"info","service":"sample nodejs rest api","timestamp":"2021-08-01T07:57:56.575Z"}
{"message":"Please visit https://sample-nodejs-rest-api.herokuapp.com/api-docs/ for API documentation","level":"error","service":"sample nodejs rest api","timestamp":"2021-08-01T07:58:16.506Z"}
{"message":"Server started and running on port : 3000","level":"info","service":"sample nodejs rest api","timestamp":"2021-08-01T07:59:50.685Z"}
{"message":"Server started and running on port : 3000","level":"info","service":"sample nodejs rest api","timestamp":"2021-08-01T08:02:05.437Z"}
{"message":"Please visit https://sample-nodejs-rest-api.herokuapp.com/api-docs/ for API documentation /demorests - GET - ::1","level":"error","service":"sample nodejs rest api","timestamp":"2021-08-01T08:02:08.309Z"}
{"message":"Server started and running on port : 3000","level":"info","service":"sample nodejs rest api","timestamp":"2021-08-01T08:07:23.746Z"}
{"message":"Server started and running on port : 3000","level":"info","service":"sample nodejs rest api","timestamp":"2021-08-01T08:28:07.381Z"}
{"message":"Server started and running on port : 3000","level":"info","service":"sample nodejs rest api","timestamp":"2021-08-01T08:29:46.210Z"}
{"message":"Server started and running on port : 3000","level":"info","service":"sample nodejs rest api","timestamp":"2021-08-01T09:27:51.926Z"}
{"message":"Error message: Please visit https://sample-nodejs-rest-api.herokuapp.com/api-docs/ for API documentation,Error message: / - GET - ::1","level":"error","service":"sample nodejs rest api","timestamp":"2021-08-01T09:28:43.461Z"}
{"message":"Error message: Please visit https://sample-nodejs-rest-api.herokuapp.com/api-docs/ for API documentation,Error message: /favicon.ico - GET - ::1","level":"error","service":"sample nodejs rest api","timestamp":"2021-08-01T09:28:43.519Z"}
{"message":"Server started and running on port : 3000","level":"info","service":"sample nodejs rest api","timestamp":"2021-08-01T09:43:49.900Z"}
{"message":"Server started and running on port : 3000","level":"info","service":"sample nodejs rest api","timestamp":"2021-08-01T09:52:45.960Z"}
{"message":"Server started and running on port : 3000","level":"info","service":"sample nodejs rest api","timestamp":"2021-08-01T10:05:09.751Z"}
{"message":"Server started and running on port : 3000","level":"info","service":"sample nodejs rest api","timestamp":"2021-08-01T10:05:30.951Z"}
{"message":"CheckAuth= /users/decodetoken - GET - ::1 - /decodetoken","level":"info","service":"sample nodejs rest api","timestamp":"2021-08-01T10:06:53.242Z"}
{"message":"Server started and running on port : 3000","level":"info","service":"sample nodejs rest api","timestamp":"2021-08-01T12:12:18.905Z"}
{"message":"Error message: Please visit https://sample-nodejs-rest-api.herokuapp.com/api-docs/ for API documentation,Error message: / - GET - ::1","level":"error","service":"sample nodejs rest api","timestamp":"2021-08-01T12:13:00.458Z"}
{"message":"Error message: Please visit https://sample-nodejs-rest-api.herokuapp.com/api-docs/ for API documentation,Error message: /favicon.ico - GET - ::1","level":"error","service":"sample nodejs rest api","timestamp":"2021-08-01T12:13:00.502Z"}
{"message":"CheckAuth= /users/decodetoken - GET - ::1 - /decodetoken","level":"info","service":"sample nodejs rest api","timestamp":"2021-08-01T12:14:12.370Z"}
{"message":"Server started and running on port : 3000","level":"info","service":"sample nodejs rest api","timestamp":"2021-08-01T12:18:57.596Z"}
{"message":"CheckAuth= /users/decodetoken - GET - ::1","level":"info","service":"sample nodejs rest api","timestamp":"2021-08-01T12:19:10.380Z"}
{"message":"CheckAuth= Auth failed /users/decodetoken - GET - ::1 - /decodetoken","level":"error","service":"sample nodejs rest api","timestamp":"2021-08-01T12:19:10.381Z"}
{"message":"Server started and running on port : 3000","level":"info","service":"sample nodejs rest api","timestamp":"2021-08-01T12:19:27.044Z"}
{"message":"Server started and running on port : 3000","level":"info","service":"sample nodejs rest api","timestamp":"2021-08-01T12:19:54.674Z"}
{"message":"CheckAuth= /users/decodetoken - GET - ::1","level":"info","service":"sample nodejs rest api","timestamp":"2021-08-01T12:20:00.512Z"}
{"message":"Server started and running on port : 3000","level":"info","service":"sample nodejs rest api","timestamp":"2021-08-01T12:20:53.471Z"}
{"message":"Server started and running on port : 3000","level":"info","service":"sample nodejs rest api","timestamp":"2021-08-01T12:21:24.917Z"}
{"message":"Auth failed /users/decodetoken - GET - ::1 - /decodetoken","level":"error","service":"sample nodejs rest api","timestamp":"2021-08-01T12:21:27.514Z"}
{"message":"CheckAuth= /users/decodetoken - GET - ::1","level":"info","service":"sample nodejs rest api","timestamp":"2021-08-01T12:22:10.051Z"}
{"message":"Server started and running on port : 3000","level":"info","service":"sample nodejs rest api","timestamp":"2021-08-01T12:22:40.665Z"}
{"message":"Auth Success /users/decodetoken - GET - ::1","level":"info","service":"sample nodejs rest api","timestamp":"2021-08-01T12:22:45.955Z"}
{"message":"Server started and running on port : 3000","level":"info","service":"sample nodejs rest api","timestamp":"2021-08-01T12:23:23.085Z"}
{"message":"Server started and running on port : 3000","level":"info","service":"sample nodejs rest api","timestamp":"2021-08-01T12:35:20.876Z"}
{"message":"Server started and running on port : 3000","level":"info","service":"sample nodejs rest api","timestamp":"2021-08-01T12:41:55.963Z"}
{"message":"Server started and running on port : 3000","level":"info","service":"sample nodejs rest api","timestamp":"2021-08-01T12:42:58.731Z"}
{"message":"Server started and running on port : 3000","level":"info","service":"sample nodejs rest api","timestamp":"2021-08-01T12:43:43.817Z"}
{"message":"Server started and running on port : 3000","level":"info","service":"sample nodejs rest api","timestamp":"2021-08-01T12:43:48.560Z"}
{"message":"Server started and running on port : 3000","level":"info","service":"sample nodejs rest api","timestamp":"2021-08-01T12:44:13.394Z"}
{"message":"Server started and running on port : 3000","level":"info","service":"sample nodejs rest api","timestamp":"2021-08-01T12:45:37.282Z"}
{"message":"Connection has been established successfully.","level":"info","service":"sample nodejs rest api","timestamp":"2021-08-01T12:45:39.465Z"}
{"message":"Auth Success /users/decodetoken - GET - ::1","level":"info","service":"sample nodejs rest api","timestamp":"2021-08-01T12:47:39.369Z"}
{"message":"Auth failed /users/decodetoken - GET - ::1 - /decodetoken","level":"error","service":"sample nodejs rest api","timestamp":"2021-08-01T12:47:48.454Z"}
{"message":"Server started and running on port : 3000","level":"info","service":"sample nodejs rest api","timestamp":"2021-08-03T17:14:06.180Z"}
{"message":"Connection has been established successfully.","level":"info","service":"sample nodejs rest api","timestamp":"2021-08-03T17:14:08.272Z"}
{"message":"Server started and running on port : 3000","level":"info","service":"sample nodejs rest api","timestamp":"2021-08-03T17:56:45.736Z"}
{"message":"Connection has been established successfully.","level":"info","service":"sample nodejs rest api","timestamp":"2021-08-03T17:56:47.261Z"}
{"message":"Server started and running on port : 3000","level":"info","service":"sample nodejs rest api","timestamp":"2021-08-04T11:40:56.096Z"}
{"message":"Connection has been established successfully.","level":"info","service":"sample nodejs rest api","timestamp":"2021-08-04T11:40:59.115Z"}
{"message":"Server started and running on port : 3000","level":"info","service":"sample nodejs rest api","timestamp":"2021-08-04T11:48:22.324Z"}
{"message":"Connection has been established successfully.","level":"info","service":"sample nodejs rest api","timestamp":"2021-08-04T11:48:23.866Z"}
{"message":"Server started and running on port : 3000","level":"info","service":"sample nodejs rest api","timestamp":"2021-08-04T11:48:51.611Z"}
{"message":"Connection has been established successfully.","level":"info","service":"sample nodejs rest api","timestamp":"2021-08-04T11:48:53.144Z"}
{"message":"Server started and running on port : 3000","level":"info","service":"sample nodejs rest api","timestamp":"2021-08-04T12:48:11.441Z"}
{"message":"Connection has been established successfully.","level":"info","service":"sample nodejs rest api","timestamp":"2021-08-04T12:48:13.257Z"}
{"message":"Error message: Please visit https://sample-nodejs-rest-api.herokuapp.com/api-docs/ for API documentation,Error message: / - GET - ::1","level":"error","service":"sample nodejs rest api","timestamp":"2021-08-04T12:48:32.174Z"}
{"message":"Error message: Please visit https://sample-nodejs-rest-api.herokuapp.com/api-docs/ for API documentation,Error message: /favicon.ico - GET - ::1","level":"error","service":"sample nodejs rest api","timestamp":"2021-08-04T12:48:32.219Z"}
{"message":"Server started and running on port : 3000","level":"info","service":"sample nodejs rest api","timestamp":"2021-08-04T12:49:49.591Z"}
{"message":"Connection has been established successfully.","level":"info","service":"sample nodejs rest api","timestamp":"2021-08-04T12:49:51.518Z"}
{"message":"Server started and running on port : 3000","level":"info","service":"sample nodejs rest api","timestamp":"2021-08-04T12:50:10.694Z"}
{"message":"Connection has been established successfully.","level":"info","service":"sample nodejs rest api","timestamp":"2021-08-04T12:50:12.704Z"}
{"message":"Server started and running on port : 3000","level":"info","service":"sample nodejs rest api","timestamp":"2021-08-04T12:56:44.219Z"}
{"message":"Connection has been established successfully.","level":"info","service":"sample nodejs rest api","timestamp":"2021-08-04T12:56:46.211Z"}
{"message":"Server started and running on port : 3000","level":"info","service":"sample nodejs rest api","timestamp":"2021-08-04T12:59:03.025Z"}
{"message":"Connection has been established successfully.","level":"info","service":"sample nodejs rest api","timestamp":"2021-08-04T12:59:04.551Z"}
{"message":"Server started and running on port : 3000","level":"info","service":"sample nodejs rest api","timestamp":"2021-08-04T12:59:21.437Z"}
{"message":"Connection has been established successfully.","level":"info","service":"sample nodejs rest api","timestamp":"2021-08-04T12:59:22.964Z"}
{"message":"Server started and running on port : 3000","level":"info","service":"sample nodejs rest api","timestamp":"2021-08-04T13:00:36.181Z"}
{"message":"Connection has been established successfully.","level":"info","service":"sample nodejs rest api","timestamp":"2021-08-04T13:00:38.212Z"}
{"message":"Server started and running on port : 3000","level":"info","service":"sample nodejs rest api","timestamp":"2021-08-04T13:03:35.204Z"}
{"message":"Connection has been established successfully.","level":"info","service":"sample nodejs rest api","timestamp":"2021-08-04T13:03:36.640Z"}
{"message":"Server started and running on port : 3000","level":"info","service":"sample nodejs rest api","timestamp":"2021-08-04T13:03:57.087Z"}
{"message":"Connection has been established successfully.","level":"info","service":"sample nodejs rest api","timestamp":"2021-08-04T13:03:58.630Z"}
{"message":"Server started and running on port : 3000","level":"info","service":"sample nodejs rest api","timestamp":"2021-08-04T13:40:29.378Z"}
{"message":"Connection has been established successfully.","level":"info","service":"sample nodejs rest api","timestamp":"2021-08-04T13:40:30.924Z"}
{"message":"Server started and running on port : 3000","level":"info","service":"sample nodejs rest api","timestamp":"2021-08-04T13:40:35.990Z"}
{"message":"Connection has been established successfully.","level":"info","service":"sample nodejs rest api","timestamp":"2021-08-04T13:40:37.489Z"}
{"message":"Server started and running on port : 3000","level":"info","service":"sample nodejs rest api","timestamp":"2021-08-04T13:41:00.960Z"}
{"message":"Connection has been established successfully.","level":"info","service":"sample nodejs rest api","timestamp":"2021-08-04T13:41:02.421Z"}
{"message":"Server started and running on port : 3000","level":"info","service":"sample nodejs rest api","timestamp":"2021-08-05T07:47:13.901Z"}
{"message":"Connection has been established successfully.","level":"info","service":"sample nodejs rest api","timestamp":"2021-08-05T07:47:15.605Z"}
{"message":"Server started and running on port : 3000","level":"info","service":"sample nodejs rest api","timestamp":"2021-08-05T07:56:47.643Z"}
{"message":"Connection has been established successfully.","level":"info","service":"sample nodejs rest api","timestamp":"2021-08-05T07:56:49.092Z"}
{"message":"Server started and running on port : 3000","level":"info","service":"sample nodejs rest api","timestamp":"2021-08-05T09:53:01.765Z"}
{"message":"Connection has been established successfully.","level":"info","service":"sample nodejs rest api","timestamp":"2021-08-05T09:53:04.944Z"}
{"message":"Server started and running on port : 3000","level":"info","service":"sample nodejs rest api","timestamp":"2021-08-05T09:54:24.953Z"}
{"message":"Connection has been established successfully.","level":"info","service":"sample nodejs rest api","timestamp":"2021-08-05T09:54:26.701Z"}
{"message":"Server started and running on port : 3000","level":"info","service":"sample nodejs rest api","timestamp":"2021-08-05T09:54:40.120Z"}
{"message":"Connection has been established successfully.","level":"info","service":"sample nodejs rest api","timestamp":"2021-08-05T09:54:41.815Z"}
{"message":"Server started and running on port : 3000","level":"info","service":"sample nodejs rest api","timestamp":"2021-08-05T12:56:58.670Z"}
{"message":"Connection has been established successfully.","level":"info","service":"sample nodejs rest api","timestamp":"2021-08-05T12:57:00.571Z"}
{"message":"Server started and running on port : 3000","level":"info","service":"sample nodejs rest api","timestamp":"2021-08-05T12:57:33.524Z"}
{"message":"Connection has been established successfully.","level":"info","service":"sample nodejs rest api","timestamp":"2021-08-05T12:57:35.618Z"}
{"message":"Server started and running on port : 3000","level":"info","service":"sample nodejs rest api","timestamp":"2021-08-05T13:02:45.815Z"}
{"message":"Connection has been established successfully.","level":"info","service":"sample nodejs rest api","timestamp":"2021-08-05T13:02:47.482Z"}
{"message":"Server started and running on port : 3000","level":"info","service":"sample nodejs rest api","timestamp":"2021-08-05T13:04:08.201Z"}
{"message":"Connection has been established successfully.","level":"info","service":"sample nodejs rest api","timestamp":"2021-08-05T13:04:09.912Z"}
{"message":"Server started and running on port : 3000","level":"info","service":"sample nodejs rest api","timestamp":"2021-08-05T13:08:25.536Z"}
{"message":"Connection has been established successfully.","level":"info","service":"sample nodejs rest api","timestamp":"2021-08-05T13:08:27.280Z"}
{"message":"Server started and running on port : 3000","level":"info","service":"sample nodejs rest api","timestamp":"2021-08-05T13:08:41.472Z"}
{"message":"Connection has been established successfully.","level":"info","service":"sample nodejs rest api","timestamp":"2021-08-05T13:08:43.206Z"}
{"message":"Server started and running on port : 3000","level":"info","service":"sample nodejs rest api","timestamp":"2021-08-05T13:09:17.465Z"}
{"message":"Connection has been established successfully.","level":"info","service":"sample nodejs rest api","timestamp":"2021-08-05T13:09:19.223Z"}
{"message":"Server started and running on port : 3000","level":"info","service":"sample nodejs rest api","timestamp":"2021-08-05T13:10:20.705Z"}
{"message":"Connection has been established successfully.","level":"info","service":"sample nodejs rest api","timestamp":"2021-08-05T13:10:22.409Z"}
{"message":"Server started and running on port : 3000","level":"info","service":"sample nodejs rest api","timestamp":"2021-08-05T13:10:40.800Z"}
{"message":"Connection has been established successfully.","level":"info","service":"sample nodejs rest api","timestamp":"2021-08-05T13:10:42.475Z"}
{"message":"Error message: Please visit https://sample-nodejs-rest-api.herokuapp.com/api-docs/ for API documentation,Error message: / - GET - ::1","level":"error","service":"sample nodejs rest api","timestamp":"2021-08-05T13:10:52.360Z"}
{"message":"Error message: Please visit https://sample-nodejs-rest-api.herokuapp.com/api-docs/ for API documentation,Error message: /favicon.ico - GET - ::1","level":"error","service":"sample nodejs rest api","timestamp":"2021-08-05T13:10:52.439Z"}
{"message":"Auth Success /covid/country/name/India - GET - ::1","level":"info","service":"sample nodejs rest api","timestamp":"2021-08-05T13:11:51.488Z"}
{"message":"Server started and running on port : 3000","level":"info","service":"sample nodejs rest api","timestamp":"2021-08-05T13:12:34.633Z"}
{"message":"Connection has been established successfully.","level":"info","service":"sample nodejs rest api","timestamp":"2021-08-05T13:12:36.336Z"}
{"message":"Server started and running on port : 3000","level":"info","service":"sample nodejs rest api","timestamp":"2021-08-05T13:12:46.914Z"}
{"message":"Auth Success /covid/country/name/India - GET - ::1","level":"info","service":"sample nodejs rest api","timestamp":"2021-08-05T13:12:47.081Z"}
{"message":"Connection has been established successfully.","level":"info","service":"sample nodejs rest api","timestamp":"2021-08-05T13:12:48.693Z"}
{"message":"Server started and running on port : 3000","level":"info","service":"sample nodejs rest api","timestamp":"2021-08-05T13:13:42.310Z"}
{"message":"Connection has been established successfully.","level":"info","service":"sample nodejs rest api","timestamp":"2021-08-05T13:13:44.021Z"}
{"message":"Auth Success /covid/country/name/India - GET - ::1","level":"info","service":"sample nodejs rest api","timestamp":"2021-08-05T13:13:44.559Z"}
{"message":"Auth Success /covid/country/name/India - GET - ::1","level":"info","service":"sample nodejs rest api","timestamp":"2021-08-05T13:13:56.204Z"}
{"message":"Server started and running on port : 3000","level":"info","service":"sample nodejs rest api","timestamp":"2021-08-05T13:14:38.221Z"}
{"message":"Connection has been established successfully.","level":"info","service":"sample nodejs rest api","timestamp":"2021-08-05T13:14:39.933Z"}
{"message":"Auth Success /covid/country/name/India - GET - ::1","level":"info","service":"sample nodejs rest api","timestamp":"2021-08-05T13:14:40.283Z"}
{"message":"Server started and running on port : 3000","level":"info","service":"sample nodejs rest api","timestamp":"2021-08-05T13:14:59.587Z"}
{"message":"Connection has been established successfully.","level":"info","service":"sample nodejs rest api","timestamp":"2021-08-05T13:15:01.271Z"}
{"message":"Auth Success /covid/country/name/India - GET - ::1","level":"info","service":"sample nodejs rest api","timestamp":"2021-08-05T13:15:01.534Z"}
{"message":"Server started and running on port : 3000","level":"info","service":"sample nodejs rest api","timestamp":"2021-08-05T13:22:27.743Z"}
{"message":"Connection has been established successfully.","level":"info","service":"sample nodejs rest api","timestamp":"2021-08-05T13:22:29.825Z"}
{"message":"Auth Success /covid/country/name/India - GET - ::1","level":"info","service":"sample nodejs rest api","timestamp":"2021-08-05T13:22:43.442Z"}
{"message":"Auth Success /covid/country/name/India - GET - ::1","level":"info","service":"sample nodejs rest api","timestamp":"2021-08-05T13:23:53.862Z"}
{"message":"Server started and running on port : 3000","level":"info","service":"sample nodejs rest api","timestamp":"2021-08-05T13:24:24.574Z"}
{"message":"Connection has been established successfully.","level":"info","service":"sample nodejs rest api","timestamp":"2021-08-05T13:24:26.260Z"}
{"message":"Server started and running on port : 3000","level":"info","service":"sample nodejs rest api","timestamp":"2021-08-05T13:24:35.368Z"}
{"message":"Connection has been established successfully.","level":"info","service":"sample nodejs rest api","timestamp":"2021-08-05T13:24:37.058Z"}
{"message":"Server started and running on port : 3000","level":"info","service":"sample nodejs rest api","timestamp":"2021-08-05T13:26:07.107Z"}
{"message":"Connection has been established successfully.","level":"info","service":"sample nodejs rest api","timestamp":"2021-08-05T13:26:08.846Z"}
{"message":"Server started and running on port : 3000","level":"info","service":"sample nodejs rest api","timestamp":"2021-08-05T13:26:21.172Z"}
{"message":"Connection has been established successfully.","level":"info","service":"sample nodejs rest api","timestamp":"2021-08-05T13:26:22.901Z"}
{"message":"Server started and running on port : 3000","level":"info","service":"sample nodejs rest api","timestamp":"2021-08-05T13:28:06.149Z"}
{"message":"Connection has been established successfully.","level":"info","service":"sample nodejs rest api","timestamp":"2021-08-05T13:28:07.748Z"}
{"message":"Server started and running on port : 3000","level":"info","service":"sample nodejs rest api","timestamp":"2021-08-05T13:29:48.652Z"}
{"message":"Connection has been established successfully.","level":"info","service":"sample nodejs rest api","timestamp":"2021-08-05T13:29:50.395Z"}
{"message":"Server started and running on port : 3000","level":"info","service":"sample nodejs rest api","timestamp":"2021-08-05T13:29:56.905Z"}
{"message":"Connection has been established successfully.","level":"info","service":"sample nodejs rest api","timestamp":"2021-08-05T13:29:59.588Z"}
{"message":"Server started and running on port : 3000","level":"info","service":"sample nodejs rest api","timestamp":"2021-08-05T13:31:52.444Z"}
{"message":"Connection has been established successfully.","level":"info","service":"sample nodejs rest api","timestamp":"2021-08-05T13:31:54.136Z"}
{"message":"Server started and running on port : 3000","level":"info","service":"sample nodejs rest api","timestamp":"2021-08-05T13:32:50.014Z"}
{"message":"Connection has been established successfully.","level":"info","service":"sample nodejs rest api","timestamp":"2021-08-05T13:32:51.682Z"}
{"message":"Server started and running on port : 3000","level":"info","service":"sample nodejs rest api","timestamp":"2021-08-05T13:33:07.076Z"}
{"message":"Connection has been established successfully.","level":"info","service":"sample nodejs rest api","timestamp":"2021-08-05T13:33:08.725Z"}
{"message":"Server started and running on port : 3000","level":"info","service":"sample nodejs rest api","timestamp":"2021-08-05T13:33:57.485Z"}
{"message":"Connection has been established successfully.","level":"info","service":"sample nodejs rest api","timestamp":"2021-08-05T13:33:59.181Z"}
{"message":"Server started and running on port : 3000","level":"info","service":"sample nodejs rest api","timestamp":"2021-08-05T13:37:07.814Z"}
{"message":"Connection has been established successfully.","level":"info","service":"sample nodejs rest api","timestamp":"2021-08-05T13:37:09.960Z"}
{"message":"Server started and running on port : 3000","level":"info","service":"sample nodejs rest api","timestamp":"2021-08-05T13:37:20.993Z"}
{"message":"Connection has been established successfully.","level":"info","service":"sample nodejs rest api","timestamp":"2021-08-05T13:37:22.745Z"}
{"message":"Server started and running on port : 3000","level":"info","service":"sample nodejs rest api","timestamp":"2021-08-05T13:41:32.309Z"}
{"message":"Connection has been established successfully.","level":"info","service":"sample nodejs rest api","timestamp":"2021-08-05T13:41:34.467Z"}
{"message":"Server started and running on port : 3000","level":"info","service":"sample nodejs rest api","timestamp":"2021-08-05T13:45:44.943Z"}
{"message":"Connection has been established successfully.","level":"info","service":"sample nodejs rest api","timestamp":"2021-08-05T13:45:46.991Z"}
{"message":"Server started and running on port : 3000","level":"info","service":"sample nodejs rest api","timestamp":"2021-08-05T13:46:01.620Z"}
{"message":"Connection has been established successfully.","level":"info","service":"sample nodejs rest api","timestamp":"2021-08-05T13:46:03.320Z"}
{"message":"Server started and running on port : 3000","level":"info","service":"sample nodejs rest api","timestamp":"2021-08-05T13:50:07.752Z"}
{"message":"Connection has been established successfully.","level":"info","service":"sample nodejs rest api","timestamp":"2021-08-05T13:50:09.396Z"}
{"message":"Server started and running on port : 3000","level":"info","service":"sample nodejs rest api","timestamp":"2021-08-05T13:52:11.533Z"}
{"message":"Connection has been established successfully.","level":"info","service":"sample nodejs rest api","timestamp":"2021-08-05T13:52:13.242Z"}
{"message":"Server started and running on port : 3000","level":"info","service":"sample nodejs rest api","timestamp":"2021-08-05T13:52:16.647Z"}
{"message":"Connection has been established successfully.","level":"info","service":"sample nodejs rest api","timestamp":"2021-08-05T13:52:18.343Z"}
{"message":"Auth Success /covid/country/name/India - GET - ::1","level":"info","service":"sample nodejs rest api","timestamp":"2021-08-05T13:53:19.339Z"}
{"message":"Auth Success /covid/country/name?country=India - GET - ::1","level":"info","service":"sample nodejs rest api","timestamp":"2021-08-05T13:53:37.219Z"}
{"message":"Server started and running on port : 3000","level":"info","service":"sample nodejs rest api","timestamp":"2021-08-05T13:55:03.709Z"}
{"message":"Connection has been established successfully.","level":"info","service":"sample nodejs rest api","timestamp":"2021-08-05T13:55:06.430Z"}
{"message":"Server started and running on port : 3000","level":"info","service":"sample nodejs rest api","timestamp":"2021-08-05T13:57:09.823Z"}
{"message":"Connection has been established successfully.","level":"info","service":"sample nodejs rest api","timestamp":"2021-08-05T13:57:11.807Z"}
{"message":"Server started and running on port : 3000","level":"info","service":"sample nodejs rest api","timestamp":"2021-08-05T13:59:26.119Z"}
{"message":"Connection has been established successfully.","level":"info","service":"sample nodejs rest api","timestamp":"2021-08-05T13:59:27.809Z"}
{"message":"Server started and running on port : 3000","level":"info","service":"sample nodejs rest api","timestamp":"2021-08-05T14:00:36.781Z"}
{"message":"Server started and running on port : 3000","level":"info","service":"sample nodejs rest api","timestamp":"2021-08-05T14:00:38.685Z"}
{"message":"Connection has been established successfully.","level":"info","service":"sample nodejs rest api","timestamp":"2021-08-05T14:00:40.837Z"}
{"message":"Server started and running on port : 3000","level":"info","service":"sample nodejs rest api","timestamp":"2021-08-05T17:19:04.187Z"}
{"message":"Connection has been established successfully.","level":"info","service":"sample nodejs rest api","timestamp":"2021-08-05T17:19:07.369Z"}
{"message":"Error message: Please visit https://sample-nodejs-rest-api.herokuapp.com/api-docs/ for API documentation,Error message: / - GET - ::1","level":"error","service":"sample nodejs rest api","timestamp":"2021-08-05T17:20:53.920Z"}
{"message":"Error message: Please visit https://sample-nodejs-rest-api.herokuapp.com/api-docs/ for API documentation,Error message: /favicon.ico - GET - ::1","level":"error","service":"sample nodejs rest api","timestamp":"2021-08-05T17:20:53.978Z"}
{"message":"Server started and running on port : 3000","level":"info","service":"sample nodejs rest api","timestamp":"2021-08-05T17:22:42.936Z"}
{"message":"Connection has been established successfully.","level":"info","service":"sample nodejs rest api","timestamp":"2021-08-05T17:22:44.648Z"}
{"message":"Server started and running on port : 3000","level":"info","service":"sample nodejs rest api","timestamp":"2021-08-05T17:23:21.248Z"}
{"message":"Connection has been established successfully.","level":"info","service":"sample nodejs rest api","timestamp":"2021-08-05T17:23:23.922Z"}
{"message":"Server started and running on port : 3000","level":"info","service":"sample nodejs rest api","timestamp":"2021-08-05T17:23:54.001Z"}
{"message":"Connection has been established successfully.","level":"info","service":"sample nodejs rest api","timestamp":"2021-08-05T17:23:56.748Z"}
{"message":"Server started and running on port : 3000","level":"info","service":"sample nodejs rest api","timestamp":"2021-08-05T17:24:11.433Z"}
{"message":"Connection has been established successfully.","level":"info","service":"sample nodejs rest api","timestamp":"2021-08-05T17:24:13.165Z"}
{"message":"Server started and running on port : 3000","level":"info","service":"sample nodejs rest api","timestamp":"2021-08-05T17:24:27.010Z"}
{"message":"Connection has been established successfully.","level":"info","service":"sample nodejs rest api","timestamp":"2021-08-05T17:24:29.254Z"}
{"message":"Server started and running on port : 3000","level":"info","service":"sample nodejs rest api","timestamp":"2021-08-05T17:24:41.621Z"}
{"message":"Connection has been established successfully.","level":"info","service":"sample nodejs rest api","timestamp":"2021-08-05T17:24:43.291Z"}
{"message":"Server started and running on port : 3000","level":"info","service":"sample nodejs rest api","timestamp":"2021-08-05T17:25:35.889Z"}
{"message":"Connection has been established successfully.","level":"info","service":"sample nodejs rest api","timestamp":"2021-08-05T17:25:37.592Z"}
{"message":"Server started and running on port : 3000","level":"info","service":"sample nodejs rest api","timestamp":"2021-08-05T17:26:00.109Z"}
{"message":"Connection has been established successfully.","level":"info","service":"sample nodejs rest api","timestamp":"2021-08-05T17:26:02.406Z"}
{"message":"Server started and running on port : 3000","level":"info","service":"sample nodejs rest api","timestamp":"2021-08-05T17:26:45.528Z"}
{"message":"Connection has been established successfully.","level":"info","service":"sample nodejs rest api","timestamp":"2021-08-05T17:26:47.173Z"}
{"message":"Server started and running on port : 3000","level":"info","service":"sample nodejs rest api","timestamp":"2021-08-05T17:27:22.865Z"}
{"message":"Connection has been established successfully.","level":"info","service":"sample nodejs rest api","timestamp":"2021-08-05T17:27:24.582Z"}
{"message":"Server started and running on port : 3000","level":"info","service":"sample nodejs rest api","timestamp":"2021-08-05T17:35:28.432Z"}
{"message":"Connection has been established successfully.","level":"info","service":"sample nodejs rest api","timestamp":"2021-08-05T17:35:30.164Z"}
{"message":"Server started and running on port : 3000","level":"info","service":"sample nodejs rest api","timestamp":"2021-08-05T17:36:02.162Z"}
{"message":"Connection has been established successfully.","level":"info","service":"sample nodejs rest api","timestamp":"2021-08-05T17:36:03.918Z"}
{"message":"Server started and running on port : 3000","level":"info","service":"sample nodejs rest api","timestamp":"2021-08-05T17:36:46.703Z"}
{"message":"Connection has been established successfully.","level":"info","service":"sample nodejs rest api","timestamp":"2021-08-05T17:36:48.441Z"}
{"message":"Server started and running on port : 3000","level":"info","service":"sample nodejs rest api","timestamp":"2021-08-05T17:37:02.303Z"}
{"message":"Connection has been established successfully.","level":"info","service":"sample nodejs rest api","timestamp":"2021-08-05T17:37:03.994Z"}
{"message":"Server started and running on port : 3000","level":"info","service":"sample nodejs rest api","timestamp":"2021-08-05T17:38:30.278Z"}
{"message":"Connection has been established successfully.","level":"info","service":"sample nodejs rest api","timestamp":"2021-08-05T17:38:31.959Z"}
{"message":"Server started and running on port : 3000","level":"info","service":"sample nodejs rest api","timestamp":"2021-08-05T17:39:26.513Z"}
{"message":"Connection has been established successfully.","level":"info","service":"sample nodejs rest api","timestamp":"2021-08-05T17:39:28.193Z"}
{"message":"Auth Success /covid/country/name?country=India - GET - ::1","level":"info","service":"sample nodejs rest api","timestamp":"2021-08-05T17:41:06.846Z"}
{"message":"Server started and running on port : 3000","level":"info","service":"sample nodejs rest api","timestamp":"2021-08-05T17:42:21.484Z"}
{"message":"Connection has been established successfully.","level":"info","service":"sample nodejs rest api","timestamp":"2021-08-05T17:42:23.175Z"}
{"message":"Auth Success /covid/country/name?country=India - GET - ::1","level":"info","service":"sample nodejs rest api","timestamp":"2021-08-05T17:42:25.040Z"}
{"message":"Server started and running on port : 3000","level":"info","service":"sample nodejs rest api","timestamp":"2021-08-05T17:43:11.109Z"}
{"message":"Auth Success /covid/country/name?country=India - GET - ::1","level":"info","service":"sample nodejs rest api","timestamp":"2021-08-05T17:43:11.394Z"}
{"message":"Connection has been established successfully.","level":"info","service":"sample nodejs rest api","timestamp":"2021-08-05T17:43:12.727Z"}
{"message":"Server started and running on port : 3000","level":"info","service":"sample nodejs rest api","timestamp":"2021-08-05T17:43:26.767Z"}
{"message":"Connection has been established successfully.","level":"info","service":"sample nodejs rest api","timestamp":"2021-08-05T17:43:28.442Z"}
{"message":"Auth Success /covid/country/name?country=India - GET - ::1","level":"info","service":"sample nodejs rest api","timestamp":"2021-08-05T17:43:32.562Z"}
{"message":"Server started and running on port : 3000","level":"info","service":"sample nodejs rest api","timestamp":"2021-08-05T17:44:07.168Z"}
{"message":"Auth Success /covid/country/name?country=India - GET - ::1","level":"info","service":"sample nodejs rest api","timestamp":"2021-08-05T17:44:08.125Z"}
{"message":"Connection has been established successfully.","level":"info","service":"sample nodejs rest api","timestamp":"2021-08-05T17:44:08.838Z"}
{"message":"Server started and running on port : 3000","level":"info","service":"sample nodejs rest api","timestamp":"2021-08-05T17:45:31.878Z"}
{"message":"Connection has been established successfully.","level":"info","service":"sample nodejs rest api","timestamp":"2021-08-05T17:45:33.569Z"}
{"message":"Auth Success /covid/country/name?country=India - GET - ::1","level":"info","service":"sample nodejs rest api","timestamp":"2021-08-05T17:45:34.587Z"}
{"message":"Server started and running on port : 3000","level":"info","service":"sample nodejs rest api","timestamp":"2021-08-05T17:46:30.609Z"}
{"message":"Auth Success /covid/country/name?country=India - GET - ::1","level":"info","service":"sample nodejs rest api","timestamp":"2021-08-05T17:46:31.999Z"}
{"message":"Connection has been established successfully.","level":"info","service":"sample nodejs rest api","timestamp":"2021-08-05T17:46:32.369Z"}
{"message":"Server started and running on port : 3000","level":"info","service":"sample nodejs rest api","timestamp":"2021-08-05T17:47:14.051Z"}
{"message":"Auth Success /covid/country/name?country=India - GET - ::1","level":"info","service":"sample nodejs rest api","timestamp":"2021-08-05T17:47:15.105Z"}
{"message":"Connection has been established successfully.","level":"info","service":"sample nodejs rest api","timestamp":"2021-08-05T17:47:15.700Z"}
{"message":"Server started and running on port : 3000","level":"info","service":"sample nodejs rest api","timestamp":"2021-08-05T17:47:40.957Z"}
{"message":"Auth Success /covid/country/name?country=India - GET - ::1","level":"info","service":"sample nodejs rest api","timestamp":"2021-08-05T17:47:41.202Z"}
{"message":"Connection has been established successfully.","level":"info","service":"sample nodejs rest api","timestamp":"2021-08-05T17:47:42.699Z"}
{"message":"Server started and running on port : 3000","level":"info","service":"sample nodejs rest api","timestamp":"2021-08-05T17:48:30.552Z"}
{"message":"Connection has been established successfully.","level":"info","service":"sample nodejs rest api","timestamp":"2021-08-05T17:48:32.284Z"}
{"message":"Server started and running on port : 3000","level":"info","service":"sample nodejs rest api","timestamp":"2021-08-05T17:49:10.719Z"}
{"message":"Connection has been established successfully.","level":"info","service":"sample nodejs rest api","timestamp":"2021-08-05T17:49:12.381Z"}
{"message":"Auth Success /covid/country/name?country=India - GET - ::1","level":"info","service":"sample nodejs rest api","timestamp":"2021-08-05T17:49:13.516Z"}
{"message":"Server started and running on port : 3000","level":"info","service":"sample nodejs rest api","timestamp":"2021-08-05T17:49:54.740Z"}
{"message":"Connection has been established successfully.","level":"info","service":"sample nodejs rest api","timestamp":"2021-08-05T17:49:56.442Z"}
{"message":"Auth Success /covid/country/name?country=India - GET - ::1","level":"info","service":"sample nodejs rest api","timestamp":"2021-08-05T17:50:00.584Z"}
{"message":"Server started and running on port : 3000","level":"info","service":"sample nodejs rest api","timestamp":"2021-08-05T18:03:10.871Z"}
{"message":"Connection has been established successfully.","level":"info","service":"sample nodejs rest api","timestamp":"2021-08-05T18:03:12.572Z"}
{"message":"Server started and running on port : 3000","level":"info","service":"sample nodejs rest api","timestamp":"2021-08-05T19:37:22.033Z"}
{"message":"Connection has been established successfully.","level":"info","service":"sample nodejs rest api","timestamp":"2021-08-05T19:37:24.067Z"}
{"message":"Server started and running on port : 3000","level":"info","service":"sample nodejs rest api","timestamp":"2021-08-05T19:39:27.202Z"}
{"message":"Connection has been established successfully.","level":"info","service":"sample nodejs rest api","timestamp":"2021-08-05T19:39:28.970Z"}
{"message":"Server started and running on port : 3000","level":"info","service":"sample nodejs rest api","timestamp":"2021-08-05T19:40:29.769Z"}
{"message":"Connection has been established successfully.","level":"info","service":"sample nodejs rest api","timestamp":"2021-08-05T19:40:31.516Z"}
{"message":"Server started and running on port : 3000","level":"info","service":"sample nodejs rest api","timestamp":"2021-08-05T19:57:05.041Z"}
{"message":"Connection has been established successfully.","level":"info","service":"sample nodejs rest api","timestamp":"2021-08-05T19:57:06.747Z"}
{"message":"Auth failed /covid/country/name?country=India - GET - ::1 - /country/name","level":"error","service":"sample nodejs rest api","timestamp":"2021-08-05T19:57:28.625Z"}
{"message":"Server started and running on port : 3000","level":"info","service":"sample nodejs rest api","timestamp":"2021-08-05T20:07:34.887Z"}
{"message":"Connection has been established successfully.","level":"info","service":"sample nodejs rest api","timestamp":"2021-08-05T20:07:36.564Z"}
{"message":"Server started and running on port : 3000","level":"info","service":"sample nodejs rest api","timestamp":"2021-08-05T20:08:23.684Z"}
{"message":"Connection has been established successfully.","level":"info","service":"sample nodejs rest api","timestamp":"2021-08-05T20:08:25.398Z"}
{"message":"Server started and running on port : 3000","level":"info","service":"sample nodejs rest api","timestamp":"2021-08-05T20:10:24.725Z"}
{"message":"Connection has been established successfully.","level":"info","service":"sample nodejs rest api","timestamp":"2021-08-05T20:10:26.457Z"}
{"message":"Server started and running on port : 3000","level":"info","service":"sample nodejs rest api","timestamp":"2021-08-05T20:10:39.815Z"}
{"message":"Connection has been established successfully.","level":"info","service":"sample nodejs rest api","timestamp":"2021-08-05T20:10:41.391Z"}
{"message":"Server started and running on port : 3000","level":"info","service":"sample nodejs rest api","timestamp":"2021-08-05T20:11:30.140Z"}
{"message":"Connection has been established successfully.","level":"info","service":"sample nodejs rest api","timestamp":"2021-08-05T20:11:31.838Z"}
{"message":"Server started and running on port : 3000","level":"info","service":"sample nodejs rest api","timestamp":"2021-08-05T20:14:31.196Z"}
{"message":"Connection has been established successfully.","level":"info","service":"sample nodejs rest api","timestamp":"2021-08-05T20:14:32.870Z"}
{"message":"Server started and running on port : 3000","level":"info","service":"sample nodejs rest api","timestamp":"2021-08-05T20:15:03.187Z"}
{"message":"Connection has been established successfully.","level":"info","service":"sample nodejs rest api","timestamp":"2021-08-05T20:15:04.850Z"}
{"message":"Server started and running on port : 3000","level":"info","service":"sample nodejs rest api","timestamp":"2021-08-05T20:15:49.707Z"}
{"message":"Connection has been established successfully.","level":"info","service":"sample nodejs rest api","timestamp":"2021-08-05T20:15:51.331Z"}
{"message":"Server started and running on port : 3000","level":"info","service":"sample nodejs rest api","timestamp":"2021-08-05T20:16:14.402Z"}
{"message":"Connection has been established successfully.","level":"info","service":"sample nodejs rest api","timestamp":"2021-08-05T20:16:16.063Z"}
{"message":"Server started and running on port : 3000","level":"info","service":"sample nodejs rest api","timestamp":"2021-08-05T20:16:28.078Z"}
{"message":"Connection has been established successfully.","level":"info","service":"sample nodejs rest api","timestamp":"2021-08-05T20:16:29.785Z"}
{"message":"Server started and running on port : 3000","level":"info","service":"sample nodejs rest api","timestamp":"2021-08-05T20:17:47.674Z"}
{"message":"Connection has been established successfully.","level":"info","service":"sample nodejs rest api","timestamp":"2021-08-05T20:17:49.384Z"}
{"message":"Server started and running on port : 3000","level":"info","service":"sample nodejs rest api","timestamp":"2021-08-05T20:18:17.036Z"}
{"message":"Connection has been established successfully.","level":"info","service":"sample nodejs rest api","timestamp":"2021-08-05T20:18:18.703Z"}
{"message":"Server started and running on port : 3000","level":"info","service":"sample nodejs rest api","timestamp":"2021-08-05T20:18:32.953Z"}
{"message":"Connection has been established successfully.","level":"info","service":"sample nodejs rest api","timestamp":"2021-08-05T20:18:34.643Z"}
{"message":"Server started and running on port : 3000","level":"info","service":"sample nodejs rest api","timestamp":"2021-08-05T20:19:40.262Z"}
{"message":"Connection has been established successfully.","level":"info","service":"sample nodejs rest api","timestamp":"2021-08-05T20:19:41.934Z"}
{"message":"Server started and running on port : 3000","level":"info","service":"sample nodejs rest api","timestamp":"2021-08-05T20:19:59.752Z"}
{"message":"Connection has been established successfully.","level":"info","service":"sample nodejs rest api","timestamp":"2021-08-05T20:20:01.469Z"}
{"message":"Server started and running on port : 3000","level":"info","service":"sample nodejs rest api","timestamp":"2021-08-05T20:20:15.341Z"}
{"message":"Connection has been established successfully.","level":"info","service":"sample nodejs rest api","timestamp":"2021-08-05T20:20:17.019Z"}
{"message":"Server started and running on port : 3000","level":"info","service":"sample nodejs rest api","timestamp":"2021-08-05T20:23:14.097Z"}
{"message":"Connection has been established successfully.","level":"info","service":"sample nodejs rest api","timestamp":"2021-08-05T20:23:15.820Z"}
